# JRE version: Java(TM) SE Runtime Environment (18.0.1.1+2) (build 18.0.1.1+2-6)
# Java VM: Java HotSpot(TM) 64-Bit Server VM (18.0.1.1+2-6, mixed mode, sharing, tiered, compressed oops, compressed class ptrs, g1 gc, windows-amd64)
GC Precious Log:
 CardTable entry size: 512
 Card Set container configuration: InlinePtr #cards 5 size 8 Array Of Cards #cards 12 size 40 Howl #buckets 4 coarsen threshold 1843 Howl Bitmap #cards 512 size 80 coarsen threshold 460 Card regions per heap region 1 cards per card region 2048
 CPUs: 4 total, 4 available
 Memory: 16319M
 Large Page Support: Disabled
 NUMA Support: Disabled
 Compressed Oops: Enabled (32-bit)
 Heap Region Size: 1M
 Heap Min Capacity: 8M
 Heap Initial Capacity: 256M
 Heap Max Capacity: 1G
 Pre-touch: Disabled
 Parallel Workers: 4
 Concurrent Workers: 1
 Concurrent Refinement Workers: 4
 Periodic GC: Disabled
Heap:
 garbage-first heap   total 178176K, used 123299K [0x00000000c0000000, 0x0000000100000000)
  region size 1024K, 10 young (10240K), 5 survivors (5120K)
 Metaspace       used 75881K, committed 77760K, reserved 1179648K
  class space    used 10294K, committed 11264K, reserved 1048576K
GC Heap History (20 events):
Event: 53.676 GC heap before
{Heap before GC invocations=41 (full 0):
 garbage-first heap   total 142336K, used 105472K [0x00000000c0000000, 0x0000000100000000)
  region size 1024K, 21 young (21504K), 1 survivors (1024K)
 Metaspace       used 75837K, committed 77760K, reserved 1179648K
  class space    used 10293K, committed 11264K, reserved 1048576K
}
Event: 53.680 GC heap after
{Heap after GC invocations=42 (full 0):
 garbage-first heap   total 142336K, used 90852K [0x00000000c0000000, 0x0000000100000000)
  region size 1024K, 3 young (3072K), 3 survivors (3072K)
 Metaspace       used 75837K, committed 77760K, reserved 1179648K
  class space    used 10293K, committed 11264K, reserved 1048576K
}
Event: 53.803 GC heap before
{Heap before GC invocations=42 (full 0):
 garbage-first heap   total 142336K, used 92900K [0x00000000c0000000, 0x0000000100000000)
  region size 1024K, 6 young (6144K), 3 survivors (3072K)
 Metaspace       used 75837K, committed 77760K, reserved 1179648K
  class space    used 10293K, committed 11264K, reserved 1048576K
}
Event: 53.806 GC heap after
{Heap after GC invocations=43 (full 0):
 garbage-first heap   total 142336K, used 91497K [0x00000000c0000000, 0x0000000100000000)
  region size 1024K, 1 young (1024K), 1 survivors (1024K)
 Metaspace       used 75837K, committed 77760K, reserved 1179648K
  class space    used 10293K, committed 11264K, reserved 1048576K
}
Event: 54.935 GC heap before
{Heap before GC invocations=43 (full 0):
 garbage-first heap   total 142336K, used 108905K [0x00000000c0000000, 0x0000000100000000)
  region size 1024K, 19 young (19456K), 1 survivors (1024K)
 Metaspace       used 75867K, committed 77760K, reserved 1179648K
  class space    used 10294K, committed 11264K, reserved 1048576K
}
Event: 54.937 GC heap after
{Heap after GC invocations=44 (full 0):
 garbage-first heap   total 142336K, used 95927K [0x00000000c0000000, 0x0000000100000000)
  region size 1024K, 3 young (3072K), 3 survivors (3072K)
 Metaspace       used 75867K, committed 77760K, reserved 1179648K
  class space    used 10294K, committed 11264K, reserved 1048576K
}
Event: 55.786 GC heap before
{Heap before GC invocations=44 (full 0):
 garbage-first heap   total 142336K, used 111287K [0x00000000c0000000, 0x0000000100000000)
  region size 1024K, 19 young (19456K), 3 survivors (3072K)
 Metaspace       used 75867K, committed 77760K, reserved 1179648K
  class space    used 10294K, committed 11264K, reserved 1048576K
}
Event: 55.791 GC heap after
{Heap after GC invocations=45 (full 0):
 garbage-first heap   total 142336K, used 98392K [0x00000000c0000000, 0x0000000100000000)
  region size 1024K, 3 young (3072K), 3 survivors (3072K)
 Metaspace       used 75867K, committed 77760K, reserved 1179648K
  class space    used 10294K, committed 11264K, reserved 1048576K
}
Event: 56.380 GC heap before
{Heap before GC invocations=45 (full 0):
 garbage-first heap   total 142336K, used 112728K [0x00000000c0000000, 0x0000000100000000)
  region size 1024K, 18 young (18432K), 3 survivors (3072K)
 Metaspace       used 75870K, committed 77760K, reserved 1179648K
  class space    used 10294K, committed 11264K, reserved 1048576K
}
Event: 56.383 GC heap after
{Heap after GC invocations=46 (full 0):
 garbage-first heap   total 142336K, used 100775K [0x00000000c0000000, 0x0000000100000000)
  region size 1024K, 3 young (3072K), 3 survivors (3072K)
 Metaspace       used 75870K, committed 77760K, reserved 1179648K
  class space    used 10294K, committed 11264K, reserved 1048576K
}
Event: 57.114 GC heap before
{Heap before GC invocations=47 (full 0):
 garbage-first heap   total 178176K, used 115111K [0x00000000c0000000, 0x0000000100000000)
  region size 1024K, 18 young (18432K), 3 survivors (3072K)
 Metaspace       used 75873K, committed 77760K, reserved 1179648K
  class space    used 10294K, committed 11264K, reserved 1048576K
}
Event: 57.118 GC heap after
{Heap after GC invocations=48 (full 0):
 garbage-first heap   total 178176K, used 103544K [0x00000000c0000000, 0x0000000100000000)
  region size 1024K, 3 young (3072K), 3 survivors (3072K)
 Metaspace       used 75873K, committed 77760K, reserved 1179648K
  class space    used 10294K, committed 11264K, reserved 1048576K
}
Event: 57.388 GC heap before
{Heap before GC invocations=48 (full 0):
 garbage-first heap   total 178176K, used 108664K [0x00000000c0000000, 0x0000000100000000)
  region size 1024K, 8 young (8192K), 3 survivors (3072K)
 Metaspace       used 75874K, committed 77760K, reserved 1179648K
  class space    used 10294K, committed 11264K, reserved 1048576K
}
Event: 57.393 GC heap after
{Heap after GC invocations=49 (full 0):
 garbage-first heap   total 178176K, used 103978K [0x00000000c0000000, 0x0000000100000000)
  region size 1024K, 1 young (1024K), 1 survivors (1024K)
 Metaspace       used 75874K, committed 77760K, reserved 1179648K
  class space    used 10294K, committed 11264K, reserved 1048576K
}
Event: 59.098 GC heap before
{Heap before GC invocations=49 (full 0):
 garbage-first heap   total 178176K, used 136746K [0x00000000c0000000, 0x0000000100000000)
  region size 1024K, 34 young (34816K), 1 survivors (1024K)
 Metaspace       used 75874K, committed 77760K, reserved 1179648K
  class space    used 10294K, committed 11264K, reserved 1048576K
}
Event: 59.104 GC heap after
{Heap after GC invocations=50 (full 0):
 garbage-first heap   total 178176K, used 109974K [0x00000000c0000000, 0x0000000100000000)
  region size 1024K, 5 young (5120K), 5 survivors (5120K)
 Metaspace       used 75874K, committed 77760K, reserved 1179648K
  class space    used 10294K, committed 11264K, reserved 1048576K
}
Event: 60.339 GC heap before
{Heap before GC invocations=50 (full 0):
 garbage-first heap   total 178176K, used 139670K [0x00000000c0000000, 0x0000000100000000)
  region size 1024K, 35 young (35840K), 5 survivors (5120K)
 Metaspace       used 75875K, committed 77760K, reserved 1179648K
  class space    used 10294K, committed 11264K, reserved 1048576K
}
Event: 60.347 GC heap after
{Heap after GC invocations=51 (full 0):
 garbage-first heap   total 178176K, used 114851K [0x00000000c0000000, 0x0000000100000000)
  region size 1024K, 5 young (5120K), 5 survivors (5120K)
 Metaspace       used 75875K, committed 77760K, reserved 1179648K
  class space    used 10294K, committed 11264K, reserved 1048576K
}
Event: 61.622 GC heap before
{Heap before GC invocations=51 (full 0):
 garbage-first heap   total 178176K, used 142499K [0x00000000c0000000, 0x0000000100000000)
  region size 1024K, 33 young (33792K), 5 survivors (5120K)
 Metaspace       used 75875K, committed 77760K, reserved 1179648K
  class space    used 10294K, committed 11264K, reserved 1048576K
}
Event: 61.628 GC heap after
{Heap after GC invocations=52 (full 0):
 garbage-first heap   total 178176K, used 120227K [0x00000000c0000000, 0x0000000100000000)
  region size 1024K, 5 young (5120K), 5 survivors (5120K)
 Metaspace       used 75875K, committed 77760K, reserved 1179648K
  class space    used 10294K, committed 11264K, reserved 1048576K
}

